# nhmmer :: search a DNA model, alignment, or sequence against a DNA database
# HMMER 3.3.1 (Jul 2020); http://hmmer.org/
# Copyright (C) 2020 Howard Hughes Medical Institute.
# Freely distributed under the BSD open source license.
# - - - - - - - - - - - - - - - - - - - - - - - - - - - - - - - - - - - -
# query file:                      ../Family_Seq/SINE16_OS/SINE16_OS.hmm
# target sequence database:        /home/marcos/TEs/AtChr4.fasta
# output directed to file:         ../Family_Seq/SINE16_OS/SINE16_OS.out
# number of worker threads:        12
# - - - - - - - - - - - - - - - - - - - - - - - - - - - - - - - - - - - -

Query:       SINE16_OS-aln-stockholm  [M=101]
Scores for complete hits:
    E-value  score  bias  Sequence      start      end  Description
    ------- ------ -----  --------      -----    -----  -----------

   [No hits detected that satisfy reporting thresholds]


Annotation for each hit  (and alignments):

   [No targets detected that satisfy reporting thresholds]


Internal pipeline statistics summary:
-------------------------------------
Query model(s):                            1  (101 nodes)
Target sequences:                          1  (37170112 residues searched)
Residues passing SSV filter:         5429242  (0.146); expected (0.02)
Residues passing bias filter:        2233565  (0.0601); expected (0.02)
Residues passing Vit filter:          125131  (0.00337); expected (0.003)
Residues passing Fwd filter:            6395  (0.000172); expected (3e-05)
Total number of hits:                      0  (0)
# CPU time: 0.92u 0.01s 00:00:00.93 Elapsed: 00:00:00.09
# Mc/sec: 37941.48
//
[ok]
