# nhmmer :: search a DNA model, alignment, or sequence against a DNA database
# HMMER 3.3.1 (Jul 2020); http://hmmer.org/
# Copyright (C) 2020 Howard Hughes Medical Institute.
# Freely distributed under the BSD open source license.
# - - - - - - - - - - - - - - - - - - - - - - - - - - - - - - - - - - - -
# query file:                      ../Family_Seq/SINEX-2_CR/SINEX-2_CR.hmm
# target sequence database:        /home/marcoscosta/TEs/graphic-interface/results/A.thaliana_Chr4_20240718-115812/A.thaliana_Chr4.fasta
# output directed to file:         ../Family_Seq/SINEX-2_CR/SINEX-2_CR.out
# number of worker threads:        12
# - - - - - - - - - - - - - - - - - - - - - - - - - - - - - - - - - - - -

Query:       SINEX-2_CR-aln-stockholm  [M=483]
Scores for complete hits:
    E-value  score  bias  Sequence  start    end  Description
    ------- ------ -----  --------  -----  -----  -----------

   [No hits detected that satisfy reporting thresholds]


Annotation for each hit  (and alignments):

   [No targets detected that satisfy reporting thresholds]


Internal pipeline statistics summary:
-------------------------------------
Query model(s):                            1  (483 nodes)
Target sequences:                          1  (37170112 residues searched)
Residues passing SSV filter:          882734  (0.0237); expected (0.02)
Residues passing bias filter:         835906  (0.0225); expected (0.02)
Residues passing Vit filter:           56244  (0.00151); expected (0.003)
Residues passing Fwd filter:               0  (0); expected (3e-05)
Total number of hits:                      0  (0)
# CPU time: 1.78u 0.00s 00:00:01.78 Elapsed: 00:00:00.16
# Mc/sec: 105705.15
//
[ok]
