# nhmmer :: search a DNA model, alignment, or sequence against a DNA database
# HMMER 3.3.1 (Jul 2020); http://hmmer.org/
# Copyright (C) 2020 Howard Hughes Medical Institute.
# Freely distributed under the BSD open source license.
# - - - - - - - - - - - - - - - - - - - - - - - - - - - - - - - - - - - -
# query file:                      ../Family_Seq/BoSB1A/BoSB1A.hmm
# target sequence database:        /home/marcos/TEs/graphic-interface/results/A.thaliana_Chr4_20240717-221230/A.thaliana_Chr4.fasta
# output directed to file:         ../Family_Seq/BoSB1A/BoSB1A.out
# number of worker threads:        12
# - - - - - - - - - - - - - - - - - - - - - - - - - - - - - - - - - - - -

Query:       BoSB1A-aln-stockholm  [M=161]
Scores for complete hits:
    E-value  score  bias  Sequence      start      end  Description
    ------- ------ -----  --------      -----    -----  -----------
  ------ inclusion threshold ------
      0.044   16.6   3.5  CP002687.1 17149480 17149534 Arabidopsis thaliana chromosome 4 sequence
      0.045   16.6   4.0  CP002687.1 13285485 13285430 Arabidopsis thaliana chromosome 4 sequence
      0.049   16.5   4.2  CP002687.1 14470287 14470342 Arabidopsis thaliana chromosome 4 sequence
       0.31   13.8   2.5  CP002687.1  1390904  1390958 Arabidopsis thaliana chromosome 4 sequence
        2.6   10.8   0.8  CP002687.1  1442003  1442065 Arabidopsis thaliana chromosome 4 sequence
        2.8   10.7   0.9  CP002687.1  6696021  6696081 Arabidopsis thaliana chromosome 4 sequence
          5    9.9   1.1  CP002687.1  6944727  6944787 Arabidopsis thaliana chromosome 4 sequence


Annotation for each hit  (and alignments):
>> CP002687.1  Arabidopsis thaliana chromosome 4 sequence
    score  bias    Evalue   hmmfrom    hmm to     alifrom    ali to      envfrom    env to       sq len      acc
   ------ ----- ---------   -------   -------    --------- ---------    --------- ---------    ---------    ----
 ?   16.6   3.5     0.044        16        66 ..  17149480  17149534 ..  17149475  17149537 ..  18585056    0.86

  Alignment:
  score: 16.6 bits
  BoSB1A-aln-stockholm       16 gtccagtggta....cctt..tccttggggaggggAGgtcggctgttcgactcgcgg 66      
                                gtc agtggta       +   c+t+ggg   g+gAGgtc + +gttcga tc cgg
            CP002687.1 17149480 GTCTAGTGGTAtgatT--CtcGCTTCGGGTGCGAGAGGTCCCGAGTTCGATTCTCGG 17149534
                                7899*******76432..2458899999**************************983 PP

>> CP002687.1  Arabidopsis thaliana chromosome 4 sequence
    score  bias    Evalue   hmmfrom    hmm to     alifrom    ali to      envfrom    env to       sq len      acc
   ------ ----- ---------   -------   -------    --------- ---------    --------- ---------    ---------    ----
 ?   16.6   4.0     0.045        16        68 ..  13285485  13285430 ..  13285491  13285427 ..  18585056    0.85

  Alignment:
  score: 16.6 bits
  BoSB1A-aln-stockholm       16 gtccagtggta....cctt..tccttggggaggggAGgtcggctgttcgactcgcgggg 68      
                                gtc agtggta       +   c+ttggg   g+gAGgtc + +gttcga tc cg g 
            CP002687.1 13285485 GTCTAGTGGTAtgatT--CtcGCTTTGGGTGCGAGAGGTCCCGAGTTCGATTCTCG-GA 13285430
                                7899*******76442..24588999999*************************98.44 PP

>> CP002687.1  Arabidopsis thaliana chromosome 4 sequence
    score  bias    Evalue   hmmfrom    hmm to     alifrom    ali to      envfrom    env to       sq len      acc
   ------ ----- ---------   -------   -------    --------- ---------    --------- ---------    ---------    ----
 ?   16.5   4.2     0.049        16        68 ..  14470287  14470342 ..  14470278  14470345 ..  18585056    0.85

  Alignment:
  score: 16.5 bits
  BoSB1A-aln-stockholm       16 gtccagtggta....cctt..tccttggggaggggAGgtcggctgttcgactcgcgggg 68      
                                gtc agtggta       +   c+ttggg   g+gAGgtc + +gttcga tc cg g 
            CP002687.1 14470287 GTCTAGTGGTAtgatT--CtcGCTTTGGGTGCGAGAGGTCCCGAGTTCGATTCTCG-GA 14470342
                                6899*******77542..24588999999*************************98.44 PP

>> CP002687.1  Arabidopsis thaliana chromosome 4 sequence
    score  bias    Evalue   hmmfrom    hmm to     alifrom    ali to      envfrom    env to       sq len      acc
   ------ ----- ---------   -------   -------    --------- ---------    --------- ---------    ---------    ----
 ?   13.8   2.5      0.31        16        66 ..   1390904   1390958 ..   1390895   1390962 ..  18585056    0.85

  Alignment:
  score: 13.8 bits
  BoSB1A-aln-stockholm      16 gtccagtggta....cctt..tccttggggaggggAGgtcggctgttcgactcgcgg 66     
                               gtc agtggta       +   c+t ggg   g+gAGgtc + +gttc a tc cgg
            CP002687.1 1390904 GTCTAGTGGTAtgatT--CtcGCTTAGGGTGCGAGAGGTCCCGAGTTCAATTCTCGG 1390958
                               7999*******77542..2447889999999***********************983 PP

>> CP002687.1  Arabidopsis thaliana chromosome 4 sequence
    score  bias    Evalue   hmmfrom    hmm to     alifrom    ali to      envfrom    env to       sq len      acc
   ------ ----- ---------   -------   -------    --------- ---------    --------- ---------    ---------    ----
 ?   10.8   0.8       2.6         5        63 ..   1442003   1442065 ..   1442000   1442075 ..  18585056    0.80

  Alignment:
  score: 10.8 bits
  BoSB1A-aln-stockholm       5 aggacctcgtAgtccagtggta....cctt.tccttggggaggggAGgtcggctgttcgactcg 63     
                               agg cc   tAg  cagtggta     + +   cttg   a  g AGgtc g +gttcga  c+
            CP002687.1 1442003 AGGCCCGTATAGCTCAGTGGTAgagcGT-CaGTCTTGTAAACTGAAGGTCCGTAGTTCGATCCT 1442065
                               577888899*************776422.245667777799999****************9876 PP

>> CP002687.1  Arabidopsis thaliana chromosome 4 sequence
    score  bias    Evalue   hmmfrom    hmm to     alifrom    ali to      envfrom    env to       sq len      acc
   ------ ----- ---------   -------   -------    --------- ---------    --------- ---------    ---------    ----
 ?   10.7   0.9       2.8         7        63 ..   6696021   6696081 ..   6696018   6696088 ..  18585056    0.79

  Alignment:
  score: 10.7 bits
  BoSB1A-aln-stockholm       7 gacctcgtAgtccagtggta....cctt..tccttggggaggggAGgtcggctgttcgactcg 63     
                               ga ctc tAg  cagtggta    +  t    ct +    +  gAGgtc++c gt  ga  c 
            CP002687.1 6696021 GAGCTCATAGCTCAGTGGTAgactA--TttGACTGCAAATTTAGAGGTCACCGGTGTGAACCT 6696081
                               67799***************65432..1446677777788999***********999887776 PP

>> CP002687.1  Arabidopsis thaliana chromosome 4 sequence
    score  bias    Evalue   hmmfrom    hmm to     alifrom    ali to      envfrom    env to       sq len      acc
   ------ ----- ---------   -------   -------    --------- ---------    --------- ---------    ---------    ----
 ?    9.9   1.1         5         7        63 ..   6944727   6944787 ..   6944724   6944798 ..  18585056    0.79

  Alignment:
  score: 9.9 bits
  BoSB1A-aln-stockholm       7 gacctcgtAgtccagtggta....cctt.tccttggggaggggAGgtcggctgttcgactcg 63     
                               g cc   tAg  cagtggta     + +   cttg   a  g AGgtc g +gttcga  c 
            CP002687.1 6944727 GCCCGTATAGCTCAGTGGTAgagcGT-CaGTCTTGTAAACTGAAGGTCCGTAGTTCGATCCT 6944787
                               66777899************776422.245667777799999****************9876 PP



Internal pipeline statistics summary:
-------------------------------------
Query model(s):                            1  (161 nodes)
Target sequences:                          1  (37170112 residues searched)
Residues passing SSV filter:          255574  (0.00688); expected (0.02)
Residues passing bias filter:         248218  (0.00668); expected (0.02)
Residues passing Vit filter:           38695  (0.00104); expected (0.003)
Residues passing Fwd filter:            2860  (7.69e-05); expected (3e-05)
Total number of hits:                      7  (1.09e-05)
# CPU time: 0.83u 0.02s 00:00:00.85 Elapsed: 00:00:00.11
# Mc/sec: 51258.50
//
[ok]
