# nhmmer :: search a DNA model, alignment, or sequence against a DNA database
# HMMER 3.3.1 (Jul 2020); http://hmmer.org/
# Copyright (C) 2020 Howard Hughes Medical Institute.
# Freely distributed under the BSD open source license.
# - - - - - - - - - - - - - - - - - - - - - - - - - - - - - - - - - - - -
# query file:                      ../Family_Seq/SINE6_OS/SINE6_OS.hmm
# target sequence database:        /home/marcos/TEs/graphic-interface/results/A.thaliana_Chr4_20240718-001641/A.thaliana_Chr4.fasta
# output directed to file:         ../Family_Seq/SINE6_OS/SINE6_OS.out
# number of worker threads:        12
# - - - - - - - - - - - - - - - - - - - - - - - - - - - - - - - - - - - -

Query:       SINE6_OS-aln-stockholm  [M=117]
Scores for complete hits:
    E-value  score  bias  Sequence      start      end  Description
    ------- ------ -----  --------      -----    -----  -----------
  ------ inclusion threshold ------
        3.9   11.1   2.1  CP002687.1 14443336 14443303 Arabidopsis thaliana chromosome 4 sequence


Annotation for each hit  (and alignments):
>> CP002687.1  Arabidopsis thaliana chromosome 4 sequence
    score  bias    Evalue   hmmfrom    hmm to     alifrom    ali to      envfrom    env to       sq len      acc
   ------ ----- ---------   -------   -------    --------- ---------    --------- ---------    ---------    ----
 ?   11.1   2.1       3.9        57        87 ..  14443336  14443303 ..  14443356  14443280 ..  18585056    0.87

  Alignment:
  score: 11.1 bits
  SINE6_OS-aln-stockholm       57 ttcgaagcct...cacccctTcTaatTATTtgat 87      
                                  tt ga g+ct    acccctTcTaatTAT tgat
              CP002687.1 14443336 TTGGACGGCTaaaTACCCCTTCTAATTATATGAT 14443303
                                  67888899999999***************99987 PP



Internal pipeline statistics summary:
-------------------------------------
Query model(s):                            1  (117 nodes)
Target sequences:                          1  (37170112 residues searched)
Residues passing SSV filter:         5036188  (0.135); expected (0.02)
Residues passing bias filter:        2063492  (0.0555); expected (0.02)
Residues passing Vit filter:          141818  (0.00382); expected (0.003)
Residues passing Fwd filter:            6892  (0.000185); expected (3e-05)
Total number of hits:                      1  (9.15e-07)
# CPU time: 0.86u 0.01s 00:00:00.87 Elapsed: 00:00:00.09
# Mc/sec: 47904.95
//
[ok]
