# nhmmer :: search a DNA model, alignment, or sequence against a DNA database
# HMMER 3.3.1 (Jul 2020); http://hmmer.org/
# Copyright (C) 2020 Howard Hughes Medical Institute.
# Freely distributed under the BSD open source license.
# - - - - - - - - - - - - - - - - - - - - - - - - - - - - - - - - - - - -
# query file:                      ../Family_Seq/SINE2-2_FV/SINE2-2_FV.hmm
# target sequence database:        /home/marcoscosta/TEs/AtChr4.fasta
# output directed to file:         ../Family_Seq/SINE2-2_FV/SINE2-2_FV.out
# number of worker threads:        12
# - - - - - - - - - - - - - - - - - - - - - - - - - - - - - - - - - - - -

Query:       SINE2-2_FV-aln-stockholm  [M=197]
Scores for complete hits:
    E-value  score  bias  Sequence      start      end  Description
    ------- ------ -----  --------      -----    -----  -----------

   [No hits detected that satisfy reporting thresholds]


Annotation for each hit  (and alignments):

   [No targets detected that satisfy reporting thresholds]


Internal pipeline statistics summary:
-------------------------------------
Query model(s):                            1  (197 nodes)
Target sequences:                          1  (37170112 residues searched)
Residues passing SSV filter:         3087085  (0.0831); expected (0.02)
Residues passing bias filter:        1835860  (0.0494); expected (0.02)
Residues passing Vit filter:          125561  (0.00338); expected (0.003)
Residues passing Fwd filter:            1607  (4.32e-05); expected (3e-05)
Total number of hits:                      0  (0)
# CPU time: 1.07u 0.03s 00:00:01.10 Elapsed: 00:00:00.10
# Mc/sec: 68647.65
//
[ok]
