This file contains any messages produced by compilers while
running configure, to aid debugging if configure makes a mistake.

It was created by HMMER configure 3.4, which was
generated by GNU Autoconf 2.71.  Invocation command line was

  $ ./configure

## --------- ##
## Platform. ##
## --------- ##

hostname = marcoscosta
uname -m = x86_64
uname -r = 6.5.0-1025-oem
uname -s = Linux
uname -v = #26-Ubuntu SMP PREEMPT_DYNAMIC Tue Jun 18 12:35:22 UTC 2024

/usr/bin/uname -p = x86_64
/bin/uname -X     = unknown

/bin/arch              = x86_64
/usr/bin/arch -k       = unknown
/usr/convex/getsysinfo = unknown
/usr/bin/hostinfo      = unknown
/bin/machine           = unknown
/usr/bin/oslevel       = unknown
/bin/universe          = unknown

PATH: /home/marcos/TEs/SINE/AnnoSINE/hmmer-develop/bin/
PATH: /home/marcos/TEs/SINE/AnnoSINE/hmmer-develop/src/
PATH: /home/marcos/TEs/SINE/AnnoSINE/hmmer-develop/
PATH: /home/marcos/TEs/EDTA/util/
PATH: /home/marcos/TEs/non-LTR/hmmer-3.2/src/
PATH: /home/marcos/miniconda3/envs/EDTA/bin/
PATH: /home/marcos/miniconda3/envs/AnnoSINE/bin/
PATH: /home/marcos/.local/bin/
PATH: /home/marcos/.pyenv/shims/
PATH: /home/marcos/.pyenv/bin/
PATH: /home/marcos/TEs/SINE/AnnoSINE/hmmer-develop/bin/
PATH: /home/marcos/TEs/SINE/AnnoSINE/hmmer-develop/src/
PATH: /home/marcos/TEs/SINE/AnnoSINE/hmmer-develop/
PATH: /home/marcos/TEs/EDTA/util/
PATH: /home/marcos/TEs/non-LTR/hmmer-3.2/src/
PATH: /home/marcos/miniconda3/envs/EDTA/bin/
PATH: /home/marcos/miniconda3/envs/AnnoSINE/bin/
PATH: /home/marcos/.local/bin/
PATH: /home/marcos/.pyenv/bin/
PATH: /home/marcos/TEs/SINE/AnnoSINE/hmmer-develop/src/
PATH: /home/marcos/TEs/SINE/AnnoSINE/hmmer-develop/
PATH: /home/marcos/TEs/EDTA/util/
PATH: /home/marcos/TEs/non-LTR/hmmer-3.2/src/
PATH: /home/marcos/miniconda3/envs/EDTA/bin/
PATH: /home/marcos/miniconda3/envs/AnnoSINE/bin/
PATH: /home/marcos/.local/bin/
PATH: /home/marcos/.pyenv/bin/
PATH: /home/marcos/miniconda3/envs/AnnoSINE/bin/
PATH: /home/marcos/TEs/EDTA/util/
PATH: /home/marcos/TEs/non-LTR/hmmer-3.2/src/
PATH: /home/marcos/miniconda3/envs/EDTA/bin/
PATH: /home/marcos/miniconda3/envs/AnnoSINE/bin/
PATH: /home/marcos/miniconda3/condabin/
PATH: /home/marcos/.local/bin/
PATH: /home/marcos/.pyenv/bin/
PATH: /home/marcos/.local/bin/
PATH: /usr/local/sbin/
PATH: /usr/local/bin/
PATH: /usr/sbin/
PATH: /usr/bin/
PATH: /sbin/
PATH: /bin/
PATH: /usr/games/
PATH: /usr/local/games/
PATH: /snap/bin/
PATH: /snap/bin/


## ----------- ##
## Core tests. ##
## ----------- ##

configure:2522: looking for aux files: install-sh config.guess config.sub
configure:2535:  trying ./
configure:2546:   ./install-sh found
configure:2564:   ./config.guess found
configure:2564:   ./config.sub found
configure:2675: Configuring HMMER3 for your system.
configure:2785: checking build system type
configure:2800: result: x86_64-pc-linux-gnu
configure:2820: checking host system type
configure:2834: result: x86_64-pc-linux-gnu
configure:3054: checking whether to compile using MPI
configure:3061: result: no
configure:3233: checking for gcc
configure:3254: found /usr/bin/gcc
configure:3265: result: gcc
configure:3618: checking for C compiler version
configure:3627: gcc --version >&5
gcc (Ubuntu 11.4.0-1ubuntu1~22.04) 11.4.0
Copyright (C) 2021 Free Software Foundation, Inc.
This is free software; see the source for copying conditions.  There is NO
warranty; not even for MERCHANTABILITY or FITNESS FOR A PARTICULAR PURPOSE.

configure:3638: $? = 0
configure:3627: gcc -v >&5
Using built-in specs.
COLLECT_GCC=gcc
COLLECT_LTO_WRAPPER=/usr/lib/gcc/x86_64-linux-gnu/11/lto-wrapper
OFFLOAD_TARGET_NAMES=nvptx-none:amdgcn-amdhsa
OFFLOAD_TARGET_DEFAULT=1
Target: x86_64-linux-gnu
Configured with: ../src/configure -v --with-pkgversion='Ubuntu 11.4.0-1ubuntu1~22.04' --with-bugurl=file:///usr/share/doc/gcc-11/README.Bugs --enable-languages=c,ada,c++,go,brig,d,fortran,objc,obj-c++,m2 --prefix=/usr --with-gcc-major-version-only --program-suffix=-11 --program-prefix=x86_64-linux-gnu- --enable-shared --enable-linker-build-id --libexecdir=/usr/lib --without-included-gettext --enable-threads=posix --libdir=/usr/lib --enable-nls --enable-bootstrap --enable-clocale=gnu --enable-libstdcxx-debug --enable-libstdcxx-time=yes --with-default-libstdcxx-abi=new --enable-gnu-unique-object --disable-vtable-verify --enable-plugin --enable-default-pie --with-system-zlib --enable-libphobos-checking=release --with-target-system-zlib=auto --enable-objc-gc=auto --enable-multiarch --disable-werror --enable-cet --with-arch-32=i686 --with-abi=m64 --with-multilib-list=m32,m64,mx32 --enable-multilib --with-tune=generic --enable-offload-targets=nvptx-none=/build/gcc-11-XeT9lY/gcc-11-11.4.0/debian/tmp-nvptx/usr,amdgcn-amdhsa=/build/gcc-11-XeT9lY/gcc-11-11.4.0/debian/tmp-gcn/usr --without-cuda-driver --enable-checking=release --build=x86_64-linux-gnu --host=x86_64-linux-gnu --target=x86_64-linux-gnu --with-build-config=bootstrap-lto-lean --enable-link-serialization=2
Thread model: posix
Supported LTO compression algorithms: zlib zstd
gcc version 11.4.0 (Ubuntu 11.4.0-1ubuntu1~22.04) 
... rest of stderr output deleted ...
configure:3638: $? = 0
configure:3627: gcc -V >&5
gcc: error: unrecognized command-line option '-V'
gcc: fatal error: no input files
compilation terminated.
configure:3638: $? = 1
configure:3627: gcc -qversion >&5
gcc: error: unrecognized command-line option '-qversion'; did you mean '--version'?
gcc: fatal error: no input files
compilation terminated.
configure:3638: $? = 1
configure:3627: gcc -version >&5
gcc: error: unrecognized command-line option '-version'
gcc: fatal error: no input files
compilation terminated.
configure:3638: $? = 1
configure:3658: checking whether the C compiler works
configure:3680: gcc    conftest.c  >&5
configure:3684: $? = 0
configure:3734: result: yes
configure:3737: checking for C compiler default output file name
configure:3739: result: a.out
configure:3745: checking for suffix of executables
configure:3752: gcc -o conftest    conftest.c  >&5
configure:3756: $? = 0
configure:3779: result: 
configure:3801: checking whether we are cross compiling
configure:3809: gcc -o conftest    conftest.c  >&5
configure:3813: $? = 0
configure:3820: ./conftest
configure:3824: $? = 0
configure:3839: result: no
configure:3844: checking for suffix of object files
configure:3867: gcc -c   conftest.c >&5
configure:3871: $? = 0
configure:3893: result: o
configure:3897: checking whether the compiler supports GNU C
configure:3917: gcc -c   conftest.c >&5
configure:3917: $? = 0
configure:3927: result: yes
configure:3938: checking whether gcc accepts -g
configure:3959: gcc -c -g  conftest.c >&5
configure:3959: $? = 0
configure:4003: result: yes
configure:4023: checking for gcc option to enable C11 features
configure:4038: gcc  -c   conftest.c >&5
configure:4038: $? = 0
configure:4056: result: none needed
configure:4351: checking for gcc
configure:4383: result: gcc
configure:4736: checking for C compiler version
configure:4745: gcc --version >&5
gcc (Ubuntu 11.4.0-1ubuntu1~22.04) 11.4.0
Copyright (C) 2021 Free Software Foundation, Inc.
This is free software; see the source for copying conditions.  There is NO
warranty; not even for MERCHANTABILITY or FITNESS FOR A PARTICULAR PURPOSE.

configure:4756: $? = 0
configure:4745: gcc -v >&5
Using built-in specs.
COLLECT_GCC=gcc
COLLECT_LTO_WRAPPER=/usr/lib/gcc/x86_64-linux-gnu/11/lto-wrapper
OFFLOAD_TARGET_NAMES=nvptx-none:amdgcn-amdhsa
OFFLOAD_TARGET_DEFAULT=1
Target: x86_64-linux-gnu
Configured with: ../src/configure -v --with-pkgversion='Ubuntu 11.4.0-1ubuntu1~22.04' --with-bugurl=file:///usr/share/doc/gcc-11/README.Bugs --enable-languages=c,ada,c++,go,brig,d,fortran,objc,obj-c++,m2 --prefix=/usr --with-gcc-major-version-only --program-suffix=-11 --program-prefix=x86_64-linux-gnu- --enable-shared --enable-linker-build-id --libexecdir=/usr/lib --without-included-gettext --enable-threads=posix --libdir=/usr/lib --enable-nls --enable-bootstrap --enable-clocale=gnu --enable-libstdcxx-debug --enable-libstdcxx-time=yes --with-default-libstdcxx-abi=new --enable-gnu-unique-object --disable-vtable-verify --enable-plugin --enable-default-pie --with-system-zlib --enable-libphobos-checking=release --with-target-system-zlib=auto --enable-objc-gc=auto --enable-multiarch --disable-werror --enable-cet --with-arch-32=i686 --with-abi=m64 --with-multilib-list=m32,m64,mx32 --enable-multilib --with-tune=generic --enable-offload-targets=nvptx-none=/build/gcc-11-XeT9lY/gcc-11-11.4.0/debian/tmp-nvptx/usr,amdgcn-amdhsa=/build/gcc-11-XeT9lY/gcc-11-11.4.0/debian/tmp-gcn/usr --without-cuda-driver --enable-checking=release --build=x86_64-linux-gnu --host=x86_64-linux-gnu --target=x86_64-linux-gnu --with-build-config=bootstrap-lto-lean --enable-link-serialization=2
Thread model: posix
Supported LTO compression algorithms: zlib zstd
gcc version 11.4.0 (Ubuntu 11.4.0-1ubuntu1~22.04) 
... rest of stderr output deleted ...
configure:4756: $? = 0
configure:4745: gcc -V >&5
gcc: error: unrecognized command-line option '-V'
gcc: fatal error: no input files
compilation terminated.
configure:4756: $? = 1
configure:4745: gcc -qversion >&5
gcc: error: unrecognized command-line option '-qversion'; did you mean '--version'?
gcc: fatal error: no input files
compilation terminated.
configure:4756: $? = 1
configure:4745: gcc -version >&5
gcc: error: unrecognized command-line option '-version'
gcc: fatal error: no input files
compilation terminated.
configure:4756: $? = 1
configure:4760: checking whether the compiler supports GNU C
configure:4790: result: yes
configure:4801: checking whether gcc accepts -g
configure:4866: result: yes
configure:4886: checking for gcc option to enable C11 features
configure:4919: result: none needed
configure:5036: checking how to run the C preprocessor
configure:5062: gcc -E  conftest.c
configure:5062: $? = 0
configure:5077: gcc -E  conftest.c
conftest.c:20:10: fatal error: ac_nonexistent.h: No such file or directory
   20 | #include <ac_nonexistent.h>
      |          ^~~~~~~~~~~~~~~~~~
compilation terminated.
configure:5077: $? = 1
configure: failed program was:
| /* confdefs.h */
| #define PACKAGE_NAME "HMMER"
| #define PACKAGE_TARNAME "hmmer"
| #define PACKAGE_VERSION "3.4"
| #define PACKAGE_STRING "HMMER 3.4"
| #define PACKAGE_BUGREPORT "sean@eddylab.org"
| #define PACKAGE_URL ""
| #define HMMER_DATE "Aug 2023"
| #define HMMER_COPYRIGHT "Copyright (C) 2023 Howard Hughes Medical Institute."
| #define HMMER_LICENSE "Freely distributed under the BSD open source license."
| #define HMMER_VERSION "3.4"
| #define HMMER_URL "http://hmmer.org/"
| #define EASEL_DATE "Aug 2023"
| #define EASEL_COPYRIGHT "Copyright (C) 2023 Howard Hughes Medical Institute."
| #define EASEL_LICENSE "Freely distributed under the BSD open source license."
| #define EASEL_VERSION "0.49"
| #define EASEL_URL "http://bioeasel.org/"
| #define eslDEBUGLEVEL 0
| /* end confdefs.h.  */
| #include <ac_nonexistent.h>
configure:5104: result: gcc -E
configure:5118: gcc -E  conftest.c
configure:5118: $? = 0
configure:5133: gcc -E  conftest.c
conftest.c:20:10: fatal error: ac_nonexistent.h: No such file or directory
   20 | #include <ac_nonexistent.h>
      |          ^~~~~~~~~~~~~~~~~~
compilation terminated.
configure:5133: $? = 1
configure: failed program was:
| /* confdefs.h */
| #define PACKAGE_NAME "HMMER"
| #define PACKAGE_TARNAME "hmmer"
| #define PACKAGE_VERSION "3.4"
| #define PACKAGE_STRING "HMMER 3.4"
| #define PACKAGE_BUGREPORT "sean@eddylab.org"
| #define PACKAGE_URL ""
| #define HMMER_DATE "Aug 2023"
| #define HMMER_COPYRIGHT "Copyright (C) 2023 Howard Hughes Medical Institute."
| #define HMMER_LICENSE "Freely distributed under the BSD open source license."
| #define HMMER_VERSION "3.4"
| #define HMMER_URL "http://hmmer.org/"
| #define EASEL_DATE "Aug 2023"
| #define EASEL_COPYRIGHT "Copyright (C) 2023 Howard Hughes Medical Institute."
| #define EASEL_LICENSE "Freely distributed under the BSD open source license."
| #define EASEL_VERSION "0.49"
| #define EASEL_URL "http://bioeasel.org/"
| #define eslDEBUGLEVEL 0
| /* end confdefs.h.  */
| #include <ac_nonexistent.h>
configure:5178: checking for a BSD-compatible install
configure:5251: result: /home/marcos/miniconda3/envs/EDTA/bin/install -c
configure:5310: checking for strip
configure:5331: found /usr/bin/strip
configure:5342: result: strip
configure:5412: checking for ranlib
configure:5433: found /usr/bin/ranlib
configure:5444: result: ranlib
configure:5468: checking for ar
configure:5492: found /usr/bin/ar
configure:5505: result: /usr/bin/ar
configure:5513: checking whether ln -s works
configure:5517: result: yes
configure:5708: checking for a sed that does not truncate output
configure:5778: result: /usr/bin/sed
configure:5784: checking for grep that handles long lines and -e
configure:5848: result: /usr/bin/grep
configure:5853: checking for egrep
configure:5921: result: /usr/bin/grep -E
configure:6086: checking whether gcc is Clang
configure:6113: result: no
configure:6178: checking whether pthreads work with "-pthread" and "-lpthread"
configure:6289: gcc -o conftest -O3 -pthread   conftest.c -lpthread  >&5
configure:6289: $? = 0
configure:6299: result: yes
configure:6422: checking for joinable pthread attribute
configure:6441: gcc -o conftest -O3 -pthread   conftest.c -lpthread  >&5
configure:6441: $? = 0
configure:6450: result: PTHREAD_CREATE_JOINABLE
configure:6463: checking whether more special flags are required for pthreads
configure:6477: result: no
configure:6486: checking for PTHREAD_PRIO_INHERIT
configure:6504: gcc -o conftest -O3 -pthread   conftest.c -lpthread  >&5
configure:6504: $? = 0
configure:6514: result: yes
configure:6729: checking whether gcc can compile our NEON code
configure:6762: gcc -o conftest -O3   conftest.c  >&5
conftest.c:25:10: fatal error: arm_neon.h: No such file or directory
   25 | #include <arm_neon.h>
      |          ^~~~~~~~~~~~
compilation terminated.
configure:6762: $? = 1
configure: failed program was:
| /* confdefs.h */
| #define PACKAGE_NAME "HMMER"
| #define PACKAGE_TARNAME "hmmer"
| #define PACKAGE_VERSION "3.4"
| #define PACKAGE_STRING "HMMER 3.4"
| #define PACKAGE_BUGREPORT "sean@eddylab.org"
| #define PACKAGE_URL ""
| #define HMMER_DATE "Aug 2023"
| #define HMMER_COPYRIGHT "Copyright (C) 2023 Howard Hughes Medical Institute."
| #define HMMER_LICENSE "Freely distributed under the BSD open source license."
| #define HMMER_VERSION "3.4"
| #define HMMER_URL "http://hmmer.org/"
| #define EASEL_DATE "Aug 2023"
| #define EASEL_COPYRIGHT "Copyright (C) 2023 Howard Hughes Medical Institute."
| #define EASEL_LICENSE "Freely distributed under the BSD open source license."
| #define EASEL_VERSION "0.49"
| #define EASEL_URL "http://bioeasel.org/"
| #define eslDEBUGLEVEL 0
| #define HAVE_PTHREAD_PRIO_INHERIT 1
| #define HAVE_PTHREAD 1
| #define HMMER_THREADS 1
| /* end confdefs.h.  */
| 
| #include <stdint.h>
| #include <arm_neon.h>
| int stub_neon(void) {
|   int32x4_t v1 = vdupq_n_s32(42);
|   int32x4_t v2 = vdupq_n_s32(86);
|   union { int32x4_t v; int32_t x[4]; } v3;
|   v3.v = vaddq_s32(v1, v2);
|   return (int) v3.x[0];
| }
| int main(void) { if (stub_neon() != 128) return 1; else return 0; }
| 
configure:6762: gcc -o conftest -O3 -mfpu=neon   conftest.c  >&5
gcc: error: unrecognized command-line option '-mfpu=neon'
configure:6762: $? = 1
configure: failed program was:
| /* confdefs.h */
| #define PACKAGE_NAME "HMMER"
| #define PACKAGE_TARNAME "hmmer"
| #define PACKAGE_VERSION "3.4"
| #define PACKAGE_STRING "HMMER 3.4"
| #define PACKAGE_BUGREPORT "sean@eddylab.org"
| #define PACKAGE_URL ""
| #define HMMER_DATE "Aug 2023"
| #define HMMER_COPYRIGHT "Copyright (C) 2023 Howard Hughes Medical Institute."
| #define HMMER_LICENSE "Freely distributed under the BSD open source license."
| #define HMMER_VERSION "3.4"
| #define HMMER_URL "http://hmmer.org/"
| #define EASEL_DATE "Aug 2023"
| #define EASEL_COPYRIGHT "Copyright (C) 2023 Howard Hughes Medical Institute."
| #define EASEL_LICENSE "Freely distributed under the BSD open source license."
| #define EASEL_VERSION "0.49"
| #define EASEL_URL "http://bioeasel.org/"
| #define eslDEBUGLEVEL 0
| #define HAVE_PTHREAD_PRIO_INHERIT 1
| #define HAVE_PTHREAD 1
| #define HMMER_THREADS 1
| /* end confdefs.h.  */
| 
| #include <stdint.h>
| #include <arm_neon.h>
| int stub_neon(void) {
|   int32x4_t v1 = vdupq_n_s32(42);
|   int32x4_t v2 = vdupq_n_s32(86);
|   union { int32x4_t v; int32_t x[4]; } v3;
|   v3.v = vaddq_s32(v1, v2);
|   return (int) v3.x[0];
| }
| int main(void) { if (stub_neon() != 128) return 1; else return 0; }
| 
configure:6790: gcc -o conftest -O3 -mfpu=neon   conftest.c  >&5
gcc: error: unrecognized command-line option '-mfpu=neon'
configure:6790: $? = 1
configure: failed program was:
| /* confdefs.h */
| #define PACKAGE_NAME "HMMER"
| #define PACKAGE_TARNAME "hmmer"
| #define PACKAGE_VERSION "3.4"
| #define PACKAGE_STRING "HMMER 3.4"
| #define PACKAGE_BUGREPORT "sean@eddylab.org"
| #define PACKAGE_URL ""
| #define HMMER_DATE "Aug 2023"
| #define HMMER_COPYRIGHT "Copyright (C) 2023 Howard Hughes Medical Institute."
| #define HMMER_LICENSE "Freely distributed under the BSD open source license."
| #define HMMER_VERSION "3.4"
| #define HMMER_URL "http://hmmer.org/"
| #define EASEL_DATE "Aug 2023"
| #define EASEL_COPYRIGHT "Copyright (C) 2023 Howard Hughes Medical Institute."
| #define EASEL_LICENSE "Freely distributed under the BSD open source license."
| #define EASEL_VERSION "0.49"
| #define EASEL_URL "http://bioeasel.org/"
| #define eslDEBUGLEVEL 0
| #define HAVE_PTHREAD_PRIO_INHERIT 1
| #define HAVE_PTHREAD 1
| #define HMMER_THREADS 1
| /* end confdefs.h.  */
| 
| #include <stdint.h>
| #include <arm_neon.h>
| int main(void) {
|   int16x8_t   a1 = { 1, 2, 8, 3, 4, 5, 6, 7 };
|   int16_t     r1 = vmaxvq_s16(a1); // = 8 : horizontal max
|   uint8x16_t  a2 = { 1, 2, 16, 3, 4, 5, 6, 7, 8, 9, 10, 11, 12, 13, 14, 15 };
|   uint8_t     r2 = vmaxvq_u8(a2);  // = 16 : horizontal max
|   float32x4_t a3 = { 1.0, 2.0, 3.0, 4.0 };
|   float       r3 = vaddvq_f32(a3); // = 10.0 : horizontal sum
|   return 0;
| }
| 
configure:6799: result: no
configure:6859: checking whether gcc can compile our Altivec/VMX code
configure:6891: gcc -o conftest -O3   conftest.c  >&5
conftest.c:24:10: fatal error: altivec.h: No such file or directory
   24 | #include <altivec.h>
      |          ^~~~~~~~~~~
compilation terminated.
configure:6891: $? = 1
configure: failed program was:
| /* confdefs.h */
| #define PACKAGE_NAME "HMMER"
| #define PACKAGE_TARNAME "hmmer"
| #define PACKAGE_VERSION "3.4"
| #define PACKAGE_STRING "HMMER 3.4"
| #define PACKAGE_BUGREPORT "sean@eddylab.org"
| #define PACKAGE_URL ""
| #define HMMER_DATE "Aug 2023"
| #define HMMER_COPYRIGHT "Copyright (C) 2023 Howard Hughes Medical Institute."
| #define HMMER_LICENSE "Freely distributed under the BSD open source license."
| #define HMMER_VERSION "3.4"
| #define HMMER_URL "http://hmmer.org/"
| #define EASEL_DATE "Aug 2023"
| #define EASEL_COPYRIGHT "Copyright (C) 2023 Howard Hughes Medical Institute."
| #define EASEL_LICENSE "Freely distributed under the BSD open source license."
| #define EASEL_VERSION "0.49"
| #define EASEL_URL "http://bioeasel.org/"
| #define eslDEBUGLEVEL 0
| #define HAVE_PTHREAD_PRIO_INHERIT 1
| #define HAVE_PTHREAD 1
| #define HMMER_THREADS 1
| /* end confdefs.h.  */
| 
| #include <altivec.h>
| #include <stdint.h>
| int stub_vmx(void) {
| vector signed int v1,v2;
| union { vector signed int v; int32_t x[4]; } v3;
| v1   = vec_splat_s32(6);
| v2   = vec_splat_s32(12);
| v3.v = vec_add(v1,v2);
| return (int) v3.x[0];}
| int main(void) { if (stub_vmx() != 18) return 1; else return 0; }
| 
configure:6891: gcc -o conftest -O3 -maltivec   conftest.c  >&5
gcc: error: unrecognized command-line option '-maltivec'
configure:6891: $? = 1
configure: failed program was:
| /* confdefs.h */
| #define PACKAGE_NAME "HMMER"
| #define PACKAGE_TARNAME "hmmer"
| #define PACKAGE_VERSION "3.4"
| #define PACKAGE_STRING "HMMER 3.4"
| #define PACKAGE_BUGREPORT "sean@eddylab.org"
| #define PACKAGE_URL ""
| #define HMMER_DATE "Aug 2023"
| #define HMMER_COPYRIGHT "Copyright (C) 2023 Howard Hughes Medical Institute."
| #define HMMER_LICENSE "Freely distributed under the BSD open source license."
| #define HMMER_VERSION "3.4"
| #define HMMER_URL "http://hmmer.org/"
| #define EASEL_DATE "Aug 2023"
| #define EASEL_COPYRIGHT "Copyright (C) 2023 Howard Hughes Medical Institute."
| #define EASEL_LICENSE "Freely distributed under the BSD open source license."
| #define EASEL_VERSION "0.49"
| #define EASEL_URL "http://bioeasel.org/"
| #define eslDEBUGLEVEL 0
| #define HAVE_PTHREAD_PRIO_INHERIT 1
| #define HAVE_PTHREAD 1
| #define HMMER_THREADS 1
| /* end confdefs.h.  */
| 
| #include <altivec.h>
| #include <stdint.h>
| int stub_vmx(void) {
| vector signed int v1,v2;
| union { vector signed int v; int32_t x[4]; } v3;
| v1   = vec_splat_s32(6);
| v2   = vec_splat_s32(12);
| v3.v = vec_add(v1,v2);
| return (int) v3.x[0];}
| int main(void) { if (stub_vmx() != 18) return 1; else return 0; }
| 
configure:6891: gcc -o conftest -O3 -faltivec   conftest.c  >&5
gcc: error: unrecognized command-line option '-faltivec'
configure:6891: $? = 1
configure: failed program was:
| /* confdefs.h */
| #define PACKAGE_NAME "HMMER"
| #define PACKAGE_TARNAME "hmmer"
| #define PACKAGE_VERSION "3.4"
| #define PACKAGE_STRING "HMMER 3.4"
| #define PACKAGE_BUGREPORT "sean@eddylab.org"
| #define PACKAGE_URL ""
| #define HMMER_DATE "Aug 2023"
| #define HMMER_COPYRIGHT "Copyright (C) 2023 Howard Hughes Medical Institute."
| #define HMMER_LICENSE "Freely distributed under the BSD open source license."
| #define HMMER_VERSION "3.4"
| #define HMMER_URL "http://hmmer.org/"
| #define EASEL_DATE "Aug 2023"
| #define EASEL_COPYRIGHT "Copyright (C) 2023 Howard Hughes Medical Institute."
| #define EASEL_LICENSE "Freely distributed under the BSD open source license."
| #define EASEL_VERSION "0.49"
| #define EASEL_URL "http://bioeasel.org/"
| #define eslDEBUGLEVEL 0
| #define HAVE_PTHREAD_PRIO_INHERIT 1
| #define HAVE_PTHREAD 1
| #define HMMER_THREADS 1
| /* end confdefs.h.  */
| 
| #include <altivec.h>
| #include <stdint.h>
| int stub_vmx(void) {
| vector signed int v1,v2;
| union { vector signed int v; int32_t x[4]; } v3;
| v1   = vec_splat_s32(6);
| v2   = vec_splat_s32(12);
| v3.v = vec_add(v1,v2);
| return (int) v3.x[0];}
| int main(void) { if (stub_vmx() != 18) return 1; else return 0; }
| 
configure:6901: result: no
configure:6944: checking whether gcc can compile our SSE code
configure:6976: gcc -o conftest -O3   conftest.c  >&5
configure:6976: $? = 0
configure:6991: result: yes
configure:7155: Activating Intel/AMD SSE vector DP implementation
configure:7189: checking whether _MM_SET_FLUSH_ZERO_MODE is supported
configure:7205: gcc -c -O3   conftest.c >&5
configure:7205: $? = 0
configure:7207: result: yes
configure:7224: checking compiler support --start-group
configure:7239: gcc -o conftest -O3  -Wl,--start-group -Wl,--end-group  conftest.c  >&5
configure:7239: $? = 0
configure:7241: result: yes
configure:7262: checking for gzip
configure:7285: found /usr/bin/gzip
configure:7298: result: /usr/bin/gzip
configure:7321: checking for python3
configure:7342: found /home/marcos/miniconda3/envs/EDTA/bin/python3
configure:7353: result: yes
configure:7427: checking for library containing clock_gettime
configure:7457: gcc -o conftest -O3   conftest.c  >&5
configure:7457: $? = 0
configure:7477: result: none required
configure:7497: checking for stdio.h
configure:7497: gcc -c -O3  conftest.c >&5
configure:7497: $? = 0
configure:7497: result: yes
configure:7497: checking for stdlib.h
configure:7497: gcc -c -O3  conftest.c >&5
configure:7497: $? = 0
configure:7497: result: yes
configure:7497: checking for string.h
configure:7497: gcc -c -O3  conftest.c >&5
configure:7497: $? = 0
configure:7497: result: yes
configure:7497: checking for inttypes.h
configure:7497: gcc -c -O3  conftest.c >&5
configure:7497: $? = 0
configure:7497: result: yes
configure:7497: checking for stdint.h
configure:7497: gcc -c -O3  conftest.c >&5
configure:7497: $? = 0
configure:7497: result: yes
configure:7497: checking for strings.h
configure:7497: gcc -c -O3  conftest.c >&5
configure:7497: $? = 0
configure:7497: result: yes
configure:7497: checking for sys/stat.h
configure:7497: gcc -c -O3  conftest.c >&5
configure:7497: $? = 0
configure:7497: result: yes
configure:7497: checking for sys/types.h
configure:7497: gcc -c -O3  conftest.c >&5
configure:7497: $? = 0
configure:7497: result: yes
configure:7497: checking for unistd.h
configure:7497: gcc -c -O3  conftest.c >&5
configure:7497: $? = 0
configure:7497: result: yes
configure:7522: checking for endian.h
configure:7522: gcc -c -O3  conftest.c >&5
configure:7522: $? = 0
configure:7522: result: yes
configure:7528: checking for inttypes.h
configure:7528: result: yes
configure:7534: checking for stdint.h
configure:7534: result: yes
configure:7540: checking for unistd.h
configure:7540: result: yes
configure:7546: checking for sys/types.h
configure:7546: result: yes
configure:7552: checking for netinet/in.h
configure:7552: gcc -c -O3  conftest.c >&5
configure:7552: $? = 0
configure:7552: result: yes
configure:7563: checking for sys/param.h
configure:7563: gcc -c -O3  conftest.c >&5
configure:7563: $? = 0
configure:7563: result: yes
configure:7570: checking for sys/sysctl.h
configure:7570: gcc -c -O3  conftest.c >&5
conftest.c:48:10: fatal error: sys/sysctl.h: No such file or directory
   48 | #include <sys/sysctl.h>
      |          ^~~~~~~~~~~~~~
compilation terminated.
configure:7570: $? = 1
configure: failed program was:
| /* confdefs.h */
| #define PACKAGE_NAME "HMMER"
| #define PACKAGE_TARNAME "hmmer"
| #define PACKAGE_VERSION "3.4"
| #define PACKAGE_STRING "HMMER 3.4"
| #define PACKAGE_BUGREPORT "sean@eddylab.org"
| #define PACKAGE_URL ""
| #define HMMER_DATE "Aug 2023"
| #define HMMER_COPYRIGHT "Copyright (C) 2023 Howard Hughes Medical Institute."
| #define HMMER_LICENSE "Freely distributed under the BSD open source license."
| #define HMMER_VERSION "3.4"
| #define HMMER_URL "http://hmmer.org/"
| #define EASEL_DATE "Aug 2023"
| #define EASEL_COPYRIGHT "Copyright (C) 2023 Howard Hughes Medical Institute."
| #define EASEL_LICENSE "Freely distributed under the BSD open source license."
| #define EASEL_VERSION "0.49"
| #define EASEL_URL "http://bioeasel.org/"
| #define eslDEBUGLEVEL 0
| #define HAVE_PTHREAD_PRIO_INHERIT 1
| #define HAVE_PTHREAD 1
| #define HMMER_THREADS 1
| #define eslENABLE_SSE 1
| #define HAVE_FLUSH_ZERO_MODE 1
| #define HAVE_GZIP 1
| #define HAVE_STDIO_H 1
| #define HAVE_STDLIB_H 1
| #define HAVE_STRING_H 1
| #define HAVE_INTTYPES_H 1
| #define HAVE_STDINT_H 1
| #define HAVE_STRINGS_H 1
| #define HAVE_SYS_STAT_H 1
| #define HAVE_SYS_TYPES_H 1
| #define HAVE_UNISTD_H 1
| #define STDC_HEADERS 1
| #define HAVE_ENDIAN_H 1
| #define HAVE_INTTYPES_H 1
| #define HAVE_STDINT_H 1
| #define HAVE_UNISTD_H 1
| #define HAVE_SYS_TYPES_H 1
| #define HAVE_NETINET_IN_H 1
| #define HAVE_SYS_PARAM_H 1
| /* end confdefs.h.  */
| #ifdef HAVE_SYS_PARAM_H
| #include <sys/param.h>
| #endif
| 
| 
| #include <sys/sysctl.h>
configure:7570: result: no
configure:7621: checking for uint8_t
configure:7621: gcc -c -O3  conftest.c >&5
configure:7621: $? = 0
configure:7621: result: yes
configure:7633: checking for uint16_t
configure:7633: gcc -c -O3  conftest.c >&5
configure:7633: $? = 0
configure:7633: result: yes
configure:7643: checking for uint32_t
configure:7643: gcc -c -O3  conftest.c >&5
configure:7643: $? = 0
configure:7643: result: yes
configure:7655: checking for uint64_t
configure:7655: gcc -c -O3  conftest.c >&5
configure:7655: $? = 0
configure:7655: result: yes
configure:7667: checking for off_t
configure:7667: gcc -c -O3  conftest.c >&5
configure:7667: $? = 0
configure:7667: gcc -c -O3  conftest.c >&5
conftest.c: In function 'main':
conftest.c:74:20: error: expected expression before ')' token
   74 | if (sizeof ((off_t)))
      |                    ^
configure:7667: $? = 1
configure: failed program was:
| /* confdefs.h */
| #define PACKAGE_NAME "HMMER"
| #define PACKAGE_TARNAME "hmmer"
| #define PACKAGE_VERSION "3.4"
| #define PACKAGE_STRING "HMMER 3.4"
| #define PACKAGE_BUGREPORT "sean@eddylab.org"
| #define PACKAGE_URL ""
| #define HMMER_DATE "Aug 2023"
| #define HMMER_COPYRIGHT "Copyright (C) 2023 Howard Hughes Medical Institute."
| #define HMMER_LICENSE "Freely distributed under the BSD open source license."
| #define HMMER_VERSION "3.4"
| #define HMMER_URL "http://hmmer.org/"
| #define EASEL_DATE "Aug 2023"
| #define EASEL_COPYRIGHT "Copyright (C) 2023 Howard Hughes Medical Institute."
| #define EASEL_LICENSE "Freely distributed under the BSD open source license."
| #define EASEL_VERSION "0.49"
| #define EASEL_URL "http://bioeasel.org/"
| #define eslDEBUGLEVEL 0
| #define HAVE_PTHREAD_PRIO_INHERIT 1
| #define HAVE_PTHREAD 1
| #define HMMER_THREADS 1
| #define eslENABLE_SSE 1
| #define HAVE_FLUSH_ZERO_MODE 1
| #define HAVE_GZIP 1
| #define HAVE_STDIO_H 1
| #define HAVE_STDLIB_H 1
| #define HAVE_STRING_H 1
| #define HAVE_INTTYPES_H 1
| #define HAVE_STDINT_H 1
| #define HAVE_STRINGS_H 1
| #define HAVE_SYS_STAT_H 1
| #define HAVE_SYS_TYPES_H 1
| #define HAVE_UNISTD_H 1
| #define STDC_HEADERS 1
| #define HAVE_ENDIAN_H 1
| #define HAVE_INTTYPES_H 1
| #define HAVE_STDINT_H 1
| #define HAVE_UNISTD_H 1
| #define HAVE_SYS_TYPES_H 1
| #define HAVE_NETINET_IN_H 1
| #define HAVE_SYS_PARAM_H 1
| /* end confdefs.h.  */
| #include <stddef.h>
| #ifdef HAVE_STDIO_H
| # include <stdio.h>
| #endif
| #ifdef HAVE_STDLIB_H
| # include <stdlib.h>
| #endif
| #ifdef HAVE_STRING_H
| # include <string.h>
| #endif
| #ifdef HAVE_INTTYPES_H
| # include <inttypes.h>
| #endif
| #ifdef HAVE_STDINT_H
| # include <stdint.h>
| #endif
| #ifdef HAVE_STRINGS_H
| # include <strings.h>
| #endif
| #ifdef HAVE_SYS_TYPES_H
| # include <sys/types.h>
| #endif
| #ifdef HAVE_SYS_STAT_H
| # include <sys/stat.h>
| #endif
| #ifdef HAVE_UNISTD_H
| # include <unistd.h>
| #endif
| int
| main (void)
| {
| if (sizeof ((off_t)))
| 	    return 0;
|   ;
|   return 0;
| }
configure:7667: result: yes
configure:7688: checking whether byte ordering is bigendian
configure:7704: gcc -c -O3  conftest.c >&5
conftest.c:44:16: error: unknown type name 'not'
   44 |                not a universal capable compiler
      |                ^~~
conftest.c:44:22: error: expected '=', ',', ';', 'asm' or '__attribute__' before 'universal'
   44 |                not a universal capable compiler
      |                      ^~~~~~~~~
conftest.c:44:22: error: unknown type name 'universal'
configure:7704: $? = 1
configure: failed program was:
| /* confdefs.h */
| #define PACKAGE_NAME "HMMER"
| #define PACKAGE_TARNAME "hmmer"
| #define PACKAGE_VERSION "3.4"
| #define PACKAGE_STRING "HMMER 3.4"
| #define PACKAGE_BUGREPORT "sean@eddylab.org"
| #define PACKAGE_URL ""
| #define HMMER_DATE "Aug 2023"
| #define HMMER_COPYRIGHT "Copyright (C) 2023 Howard Hughes Medical Institute."
| #define HMMER_LICENSE "Freely distributed under the BSD open source license."
| #define HMMER_VERSION "3.4"
| #define HMMER_URL "http://hmmer.org/"
| #define EASEL_DATE "Aug 2023"
| #define EASEL_COPYRIGHT "Copyright (C) 2023 Howard Hughes Medical Institute."
| #define EASEL_LICENSE "Freely distributed under the BSD open source license."
| #define EASEL_VERSION "0.49"
| #define EASEL_URL "http://bioeasel.org/"
| #define eslDEBUGLEVEL 0
| #define HAVE_PTHREAD_PRIO_INHERIT 1
| #define HAVE_PTHREAD 1
| #define HMMER_THREADS 1
| #define eslENABLE_SSE 1
| #define HAVE_FLUSH_ZERO_MODE 1
| #define HAVE_GZIP 1
| #define HAVE_STDIO_H 1
| #define HAVE_STDLIB_H 1
| #define HAVE_STRING_H 1
| #define HAVE_INTTYPES_H 1
| #define HAVE_STDINT_H 1
| #define HAVE_STRINGS_H 1
| #define HAVE_SYS_STAT_H 1
| #define HAVE_SYS_TYPES_H 1
| #define HAVE_UNISTD_H 1
| #define STDC_HEADERS 1
| #define HAVE_ENDIAN_H 1
| #define HAVE_INTTYPES_H 1
| #define HAVE_STDINT_H 1
| #define HAVE_UNISTD_H 1
| #define HAVE_SYS_TYPES_H 1
| #define HAVE_NETINET_IN_H 1
| #define HAVE_SYS_PARAM_H 1
| /* end confdefs.h.  */
| #ifndef __APPLE_CC__
| 	       not a universal capable compiler
| 	     #endif
| 	     typedef int dummy;
| 
configure:7750: gcc -c -O3  conftest.c >&5
configure:7750: $? = 0
configure:7769: gcc -c -O3  conftest.c >&5
conftest.c: In function 'main':
conftest.c:50:18: error: unknown type name 'not'; did you mean 'ino_t'?
   50 |                  not big endian
      |                  ^~~
      |                  ino_t
conftest.c:50:26: error: expected '=', ',', ';', 'asm' or '__attribute__' before 'endian'
   50 |                  not big endian
      |                          ^~~~~~
configure:7769: $? = 1
configure: failed program was:
| /* confdefs.h */
| #define PACKAGE_NAME "HMMER"
| #define PACKAGE_TARNAME "hmmer"
| #define PACKAGE_VERSION "3.4"
| #define PACKAGE_STRING "HMMER 3.4"
| #define PACKAGE_BUGREPORT "sean@eddylab.org"
| #define PACKAGE_URL ""
| #define HMMER_DATE "Aug 2023"
| #define HMMER_COPYRIGHT "Copyright (C) 2023 Howard Hughes Medical Institute."
| #define HMMER_LICENSE "Freely distributed under the BSD open source license."
| #define HMMER_VERSION "3.4"
| #define HMMER_URL "http://hmmer.org/"
| #define EASEL_DATE "Aug 2023"
| #define EASEL_COPYRIGHT "Copyright (C) 2023 Howard Hughes Medical Institute."
| #define EASEL_LICENSE "Freely distributed under the BSD open source license."
| #define EASEL_VERSION "0.49"
| #define EASEL_URL "http://bioeasel.org/"
| #define eslDEBUGLEVEL 0
| #define HAVE_PTHREAD_PRIO_INHERIT 1
| #define HAVE_PTHREAD 1
| #define HMMER_THREADS 1
| #define eslENABLE_SSE 1
| #define HAVE_FLUSH_ZERO_MODE 1
| #define HAVE_GZIP 1
| #define HAVE_STDIO_H 1
| #define HAVE_STDLIB_H 1
| #define HAVE_STRING_H 1
| #define HAVE_INTTYPES_H 1
| #define HAVE_STDINT_H 1
| #define HAVE_STRINGS_H 1
| #define HAVE_SYS_STAT_H 1
| #define HAVE_SYS_TYPES_H 1
| #define HAVE_UNISTD_H 1
| #define STDC_HEADERS 1
| #define HAVE_ENDIAN_H 1
| #define HAVE_INTTYPES_H 1
| #define HAVE_STDINT_H 1
| #define HAVE_UNISTD_H 1
| #define HAVE_SYS_TYPES_H 1
| #define HAVE_NETINET_IN_H 1
| #define HAVE_SYS_PARAM_H 1
| /* end confdefs.h.  */
| #include <sys/types.h>
| 		#include <sys/param.h>
| 
| int
| main (void)
| {
| #if BYTE_ORDER != BIG_ENDIAN
| 		 not big endian
| 		#endif
| 
|   ;
|   return 0;
| }
configure:7903: result: no
configure:8003: checking for __attribute__((noreturn))
configure:8025: gcc -o conftest -O3   conftest.c  >&5
configure:8025: $? = 0
configure:8040: result: yes
configure:8071: checking for __attribute__((format))
configure:8093: gcc -o conftest -O3   conftest.c  >&5
configure:8093: $? = 0
configure:8108: result: yes
configure:8127: checking for mkstemp
configure:8127: gcc -o conftest -O3   conftest.c  >&5
configure:8127: $? = 0
configure:8127: result: yes
configure:8134: checking for popen
configure:8134: gcc -o conftest -O3   conftest.c  >&5
configure:8134: $? = 0
configure:8134: result: yes
configure:8141: checking for putenv
configure:8141: gcc -o conftest -O3   conftest.c  >&5
configure:8141: $? = 0
configure:8141: result: yes
configure:8148: checking for strcasecmp
configure:8148: gcc -o conftest -O3   conftest.c  >&5
conftest.c:64:6: warning: conflicting types for built-in function 'strcasecmp'; expected 'int(const char *, const char *)' [-Wbuiltin-declaration-mismatch]
   64 | char strcasecmp ();
      |      ^~~~~~~~~~
configure:8148: $? = 0
configure:8148: result: yes
configure:8155: checking for strsep
configure:8155: gcc -o conftest -O3   conftest.c  >&5
configure:8155: $? = 0
configure:8155: result: yes
configure:8162: checking for times
configure:8162: gcc -o conftest -O3   conftest.c  >&5
configure:8162: $? = 0
configure:8162: result: yes
configure:8169: checking for getpid
configure:8169: gcc -o conftest -O3   conftest.c  >&5
configure:8169: $? = 0
configure:8169: result: yes
configure:8176: checking for sysctl
configure:8176: gcc -o conftest -O3   conftest.c  >&5
/usr/bin/ld: /tmp/ccxIOTxG.o: in function `main':
conftest.c:(.text.startup+0xb): undefined reference to `sysctl'
collect2: error: ld returned 1 exit status
configure:8176: $? = 1
configure: failed program was:
| /* confdefs.h */
| #define PACKAGE_NAME "HMMER"
| #define PACKAGE_TARNAME "hmmer"
| #define PACKAGE_VERSION "3.4"
| #define PACKAGE_STRING "HMMER 3.4"
| #define PACKAGE_BUGREPORT "sean@eddylab.org"
| #define PACKAGE_URL ""
| #define HMMER_DATE "Aug 2023"
| #define HMMER_COPYRIGHT "Copyright (C) 2023 Howard Hughes Medical Institute."
| #define HMMER_LICENSE "Freely distributed under the BSD open source license."
| #define HMMER_VERSION "3.4"
| #define HMMER_URL "http://hmmer.org/"
| #define EASEL_DATE "Aug 2023"
| #define EASEL_COPYRIGHT "Copyright (C) 2023 Howard Hughes Medical Institute."
| #define EASEL_LICENSE "Freely distributed under the BSD open source license."
| #define EASEL_VERSION "0.49"
| #define EASEL_URL "http://bioeasel.org/"
| #define eslDEBUGLEVEL 0
| #define HAVE_PTHREAD_PRIO_INHERIT 1
| #define HAVE_PTHREAD 1
| #define HMMER_THREADS 1
| #define eslENABLE_SSE 1
| #define HAVE_FLUSH_ZERO_MODE 1
| #define HAVE_GZIP 1
| #define HAVE_STDIO_H 1
| #define HAVE_STDLIB_H 1
| #define HAVE_STRING_H 1
| #define HAVE_INTTYPES_H 1
| #define HAVE_STDINT_H 1
| #define HAVE_STRINGS_H 1
| #define HAVE_SYS_STAT_H 1
| #define HAVE_SYS_TYPES_H 1
| #define HAVE_UNISTD_H 1
| #define STDC_HEADERS 1
| #define HAVE_ENDIAN_H 1
| #define HAVE_INTTYPES_H 1
| #define HAVE_STDINT_H 1
| #define HAVE_UNISTD_H 1
| #define HAVE_SYS_TYPES_H 1
| #define HAVE_NETINET_IN_H 1
| #define HAVE_SYS_PARAM_H 1
| #define HAVE_FUNC_ATTRIBUTE_NORETURN 1
| #define HAVE_FUNC_ATTRIBUTE_FORMAT 1
| #define HAVE_MKSTEMP 1
| #define HAVE_POPEN 1
| #define HAVE_PUTENV 1
| #define HAVE_STRCASECMP 1
| #define HAVE_STRSEP 1
| #define HAVE_TIMES 1
| #define HAVE_GETPID 1
| /* end confdefs.h.  */
| /* Define sysctl to an innocuous variant, in case <limits.h> declares sysctl.
|    For example, HP-UX 11i <limits.h> declares gettimeofday.  */
| #define sysctl innocuous_sysctl
| 
| /* System header to define __stub macros and hopefully few prototypes,
|    which can conflict with char sysctl (); below.  */
| 
| #include <limits.h>
| #undef sysctl
| 
| /* Override any GCC internal prototype to avoid an error.
|    Use char because int might match the return type of a GCC
|    builtin and then its argument prototype would still apply.  */
| #ifdef __cplusplus
| extern "C"
| #endif
| char sysctl ();
| /* The GNU C library defines this for functions which it implements
|     to always fail with ENOSYS.  Some functions are actually named
|     something starting with __ and the normal name is an alias.  */
| #if defined __stub_sysctl || defined __stub___sysctl
| choke me
| #endif
| 
| int
| main (void)
| {
| return sysctl ();
|   ;
|   return 0;
| }
configure:8176: result: no
configure:8183: checking for sysconf
configure:8183: gcc -o conftest -O3   conftest.c  >&5
configure:8183: $? = 0
configure:8183: result: yes
configure:8190: checking for getcwd
configure:8190: gcc -o conftest -O3   conftest.c  >&5
configure:8190: $? = 0
configure:8190: result: yes
configure:8197: checking for chmod
configure:8197: gcc -o conftest -O3   conftest.c  >&5
configure:8197: $? = 0
configure:8197: result: yes
configure:8204: checking for stat
configure:8204: gcc -o conftest -O3   conftest.c  >&5
configure:8204: $? = 0
configure:8204: result: yes
configure:8211: checking for fstat
configure:8211: gcc -o conftest -O3   conftest.c  >&5
configure:8211: $? = 0
configure:8211: result: yes
configure:8218: checking for erfc
configure:8218: gcc -o conftest -O3   conftest.c  >&5
conftest.c:73:6: warning: conflicting types for built-in function 'erfc'; expected 'double(double)' [-Wbuiltin-declaration-mismatch]
   73 | char erfc ();
      |      ^~~~
conftest.c:65:1: note: 'erfc' is declared in header '<math.h>'
   64 | #include <limits.h>
   65 | #undef erfc
/usr/bin/ld: /tmp/cc2LusbV.o: in function `main':
conftest.c:(.text.startup+0xb): undefined reference to `erfc'
collect2: error: ld returned 1 exit status
configure:8218: $? = 1
configure: failed program was:
| /* confdefs.h */
| #define PACKAGE_NAME "HMMER"
| #define PACKAGE_TARNAME "hmmer"
| #define PACKAGE_VERSION "3.4"
| #define PACKAGE_STRING "HMMER 3.4"
| #define PACKAGE_BUGREPORT "sean@eddylab.org"
| #define PACKAGE_URL ""
| #define HMMER_DATE "Aug 2023"
| #define HMMER_COPYRIGHT "Copyright (C) 2023 Howard Hughes Medical Institute."
| #define HMMER_LICENSE "Freely distributed under the BSD open source license."
| #define HMMER_VERSION "3.4"
| #define HMMER_URL "http://hmmer.org/"
| #define EASEL_DATE "Aug 2023"
| #define EASEL_COPYRIGHT "Copyright (C) 2023 Howard Hughes Medical Institute."
| #define EASEL_LICENSE "Freely distributed under the BSD open source license."
| #define EASEL_VERSION "0.49"
| #define EASEL_URL "http://bioeasel.org/"
| #define eslDEBUGLEVEL 0
| #define HAVE_PTHREAD_PRIO_INHERIT 1
| #define HAVE_PTHREAD 1
| #define HMMER_THREADS 1
| #define eslENABLE_SSE 1
| #define HAVE_FLUSH_ZERO_MODE 1
| #define HAVE_GZIP 1
| #define HAVE_STDIO_H 1
| #define HAVE_STDLIB_H 1
| #define HAVE_STRING_H 1
| #define HAVE_INTTYPES_H 1
| #define HAVE_STDINT_H 1
| #define HAVE_STRINGS_H 1
| #define HAVE_SYS_STAT_H 1
| #define HAVE_SYS_TYPES_H 1
| #define HAVE_UNISTD_H 1
| #define STDC_HEADERS 1
| #define HAVE_ENDIAN_H 1
| #define HAVE_INTTYPES_H 1
| #define HAVE_STDINT_H 1
| #define HAVE_UNISTD_H 1
| #define HAVE_SYS_TYPES_H 1
| #define HAVE_NETINET_IN_H 1
| #define HAVE_SYS_PARAM_H 1
| #define HAVE_FUNC_ATTRIBUTE_NORETURN 1
| #define HAVE_FUNC_ATTRIBUTE_FORMAT 1
| #define HAVE_MKSTEMP 1
| #define HAVE_POPEN 1
| #define HAVE_PUTENV 1
| #define HAVE_STRCASECMP 1
| #define HAVE_STRSEP 1
| #define HAVE_TIMES 1
| #define HAVE_GETPID 1
| #define HAVE_SYSCONF 1
| #define HAVE_GETCWD 1
| #define HAVE_CHMOD 1
| #define HAVE_STAT 1
| #define HAVE_FSTAT 1
| /* end confdefs.h.  */
| /* Define erfc to an innocuous variant, in case <limits.h> declares erfc.
|    For example, HP-UX 11i <limits.h> declares gettimeofday.  */
| #define erfc innocuous_erfc
| 
| /* System header to define __stub macros and hopefully few prototypes,
|    which can conflict with char erfc (); below.  */
| 
| #include <limits.h>
| #undef erfc
| 
| /* Override any GCC internal prototype to avoid an error.
|    Use char because int might match the return type of a GCC
|    builtin and then its argument prototype would still apply.  */
| #ifdef __cplusplus
| extern "C"
| #endif
| char erfc ();
| /* The GNU C library defines this for functions which it implements
|     to always fail with ENOSYS.  Some functions are actually named
|     something starting with __ and the normal name is an alias.  */
| #if defined __stub_erfc || defined __stub___erfc
| choke me
| #endif
| 
| int
| main (void)
| {
| return erfc ();
|   ;
|   return 0;
| }
configure:8218: result: no
configure:8226: checking for library containing ntohs
configure:8256: gcc -o conftest -O3   conftest.c  >&5
configure:8256: $? = 0
configure:8276: result: none required
configure:8285: checking for library containing ntohl
configure:8315: gcc -o conftest -O3   conftest.c  >&5
configure:8315: $? = 0
configure:8335: result: none required
configure:8344: checking for library containing htons
configure:8374: gcc -o conftest -O3   conftest.c  >&5
configure:8374: $? = 0
configure:8394: result: none required
configure:8403: checking for library containing htonl
configure:8433: gcc -o conftest -O3   conftest.c  >&5
configure:8433: $? = 0
configure:8453: result: none required
configure:8462: checking for library containing socket
configure:8492: gcc -o conftest -O3   conftest.c  >&5
configure:8492: $? = 0
configure:8512: result: none required
configure:8521: checking for library containing inet_pton
configure:8551: gcc -o conftest -O3   conftest.c  >&5
configure:8551: $? = 0
configure:8571: result: none required
configure:8581: checking for _LARGEFILE_SOURCE value needed for large files
configure:8601: gcc -o conftest -O3   conftest.c  >&5
configure:8601: $? = 0
configure:8631: result: no
configure:8663: checking for special C compiler options needed for large files
configure:8711: result: no
configure:8717: checking for _FILE_OFFSET_BITS value needed for large files
configure:8743: gcc -c -O3  conftest.c >&5
configure:8743: $? = 0
configure:8777: result: no
configure:9016: creating ./config.status

## ---------------------- ##
## Running config.status. ##
## ---------------------- ##

This file was extended by HMMER config.status 3.4, which was
generated by GNU Autoconf 2.71.  Invocation command line was

  CONFIG_FILES    = 
  CONFIG_HEADERS  = 
  CONFIG_LINKS    = 
  CONFIG_COMMANDS = 
  $ ./config.status 

on marcoscosta

config.status:950: creating Makefile
config.status:950: creating src/Makefile
config.status:950: creating testsuite/Makefile
config.status:950: creating profmark/Makefile
config.status:950: creating src/impl_sse/Makefile
config.status:950: creating documentation/Makefile
config.status:950: creating documentation/man/Makefile
config.status:950: creating documentation/userguide/Makefile
config.status:950: creating documentation/userguide/inclusions/Makefile
config.status:950: creating libdivsufsort/Makefile
config.status:950: creating easel/Makefile
config.status:950: creating easel/miniapps/Makefile
config.status:950: creating easel/testsuite/Makefile
config.status:950: creating easel/documentation/Makefile
config.status:950: creating documentation/userguide/titlepage.tex
config.status:950: creating documentation/userguide/titlepage_daemon.tex
config.status:950: creating documentation/userguide/titlepage_server.tex
config.status:950: creating documentation/userguide/copyright.tex
config.status:950: creating documentation/man/alimask.man
config.status:950: creating documentation/man/hmmalign.man
config.status:950: creating documentation/man/hmmbuild.man
config.status:950: creating documentation/man/hmmc2.man
config.status:950: creating documentation/man/hmmclient.man
config.status:950: creating documentation/man/hmmconvert.man
config.status:950: creating documentation/man/hmmemit.man
config.status:950: creating documentation/man/hmmer.man
config.status:950: creating documentation/man/hmmfetch.man
config.status:950: creating documentation/man/hmmlogo.man
config.status:950: creating documentation/man/hmmpgmd.man
config.status:950: creating documentation/man/hmmpgmd_shard.man
config.status:950: creating documentation/man/hmmpress.man
config.status:950: creating documentation/man/hmmscan.man
config.status:950: creating documentation/man/hmmsearch.man
config.status:950: creating documentation/man/hmmserver.man
config.status:950: creating documentation/man/hmmsim.man
config.status:950: creating documentation/man/hmmstat.man
config.status:950: creating documentation/man/jackhmmer.man
config.status:950: creating documentation/man/nhmmer.man
config.status:950: creating documentation/man/nhmmscan.man
config.status:950: creating documentation/man/phmmer.man
config.status:950: creating easel/miniapps/esl-afetch.man
config.status:950: creating easel/miniapps/esl-alimanip.man
config.status:950: creating easel/miniapps/esl-alimap.man
config.status:950: creating easel/miniapps/esl-alimask.man
config.status:950: creating easel/miniapps/esl-alimerge.man
config.status:950: creating easel/miniapps/esl-alipid.man
config.status:950: creating easel/miniapps/esl-alirev.man
config.status:950: creating easel/miniapps/esl-alistat.man
config.status:950: creating easel/miniapps/esl-compalign.man
config.status:950: creating easel/miniapps/esl-compstruct.man
config.status:950: creating easel/miniapps/esl-construct.man
config.status:950: creating easel/miniapps/esl-histplot.man
config.status:950: creating easel/miniapps/esl-mask.man
config.status:950: creating easel/miniapps/esl-mixdchlet.man
config.status:950: creating easel/miniapps/esl-reformat.man
config.status:950: creating easel/miniapps/esl-selectn.man
config.status:950: creating easel/miniapps/esl-seqrange.man
config.status:950: creating easel/miniapps/esl-seqstat.man
config.status:950: creating easel/miniapps/esl-sfetch.man
config.status:950: creating easel/miniapps/esl-ssdraw.man
config.status:950: creating easel/miniapps/esl-weight.man
config.status:950: creating easel/miniapps/easel-translate.man
config.status:950: creating easel/decoy_config.h
config.status:1125: easel/decoy_config.h is unchanged
config.status:950: creating src/p7_config.h
config.status:1125: src/p7_config.h is unchanged
config.status:950: creating easel/esl_config.h
config.status:1125: easel/esl_config.h is unchanged
config.status:950: creating libdivsufsort/divsufsort.h
config.status:1125: libdivsufsort/divsufsort.h is unchanged
config.status:1151: linking src/impl_sse to src/impl

## ---------------- ##
## Cache variables. ##
## ---------------- ##

ac_cv_build=x86_64-pc-linux-gnu
ac_cv_c_bigendian=no
ac_cv_c_compiler_gnu=yes
ac_cv_c_uint16_t=yes
ac_cv_c_uint32_t=yes
ac_cv_c_uint64_t=yes
ac_cv_c_uint8_t=yes
ac_cv_env_CC_set=
ac_cv_env_CC_value=
ac_cv_env_CFLAGS_set=
ac_cv_env_CFLAGS_value=
ac_cv_env_CPPFLAGS_set=
ac_cv_env_CPPFLAGS_value=
ac_cv_env_CPP_set=
ac_cv_env_CPP_value=
ac_cv_env_LDFLAGS_set=
ac_cv_env_LDFLAGS_value=
ac_cv_env_LIBS_set=
ac_cv_env_LIBS_value=
ac_cv_env_MPICC_set=
ac_cv_env_MPICC_value=
ac_cv_env_PIC_CFLAGS_set=
ac_cv_env_PIC_CFLAGS_value=
ac_cv_env_build_alias_set=
ac_cv_env_build_alias_value=
ac_cv_env_host_alias_set=
ac_cv_env_host_alias_value=
ac_cv_env_target_alias_set=
ac_cv_env_target_alias_value=
ac_cv_func_chmod=yes
ac_cv_func_erfc=no
ac_cv_func_fstat=yes
ac_cv_func_getcwd=yes
ac_cv_func_getpid=yes
ac_cv_func_mkstemp=yes
ac_cv_func_popen=yes
ac_cv_func_putenv=yes
ac_cv_func_stat=yes
ac_cv_func_strcasecmp=yes
ac_cv_func_strsep=yes
ac_cv_func_sysconf=yes
ac_cv_func_sysctl=no
ac_cv_func_times=yes
ac_cv_header_endian_h=yes
ac_cv_header_inttypes_h=yes
ac_cv_header_netinet_in_h=yes
ac_cv_header_stdint_h=yes
ac_cv_header_stdio_h=yes
ac_cv_header_stdlib_h=yes
ac_cv_header_string_h=yes
ac_cv_header_strings_h=yes
ac_cv_header_sys_param_h=yes
ac_cv_header_sys_stat_h=yes
ac_cv_header_sys_sysctl_h=no
ac_cv_header_sys_types_h=yes
ac_cv_header_unistd_h=yes
ac_cv_host=x86_64-pc-linux-gnu
ac_cv_objext=o
ac_cv_path_AR=/usr/bin/ar
ac_cv_path_EGREP='/usr/bin/grep -E'
ac_cv_path_GREP=/usr/bin/grep
ac_cv_path_HAVE_GZIP=/usr/bin/gzip
ac_cv_path_SED=/usr/bin/sed
ac_cv_path_install='/home/marcos/miniconda3/envs/EDTA/bin/install -c'
ac_cv_prog_CPP='gcc -E'
ac_cv_prog_HAVE_PYTHON3=yes
ac_cv_prog_ac_ct_CC=gcc
ac_cv_prog_ac_ct_RANLIB=ranlib
ac_cv_prog_ac_ct_STRIP=strip
ac_cv_prog_cc_c11=
ac_cv_prog_cc_g=yes
ac_cv_prog_cc_stdc=
ac_cv_search_clock_gettime='none required'
ac_cv_search_htonl='none required'
ac_cv_search_htons='none required'
ac_cv_search_inet_pton='none required'
ac_cv_search_ntohl='none required'
ac_cv_search_ntohs='none required'
ac_cv_search_socket='none required'
ac_cv_sys_file_offset_bits=no
ac_cv_sys_largefile_CC=no
ac_cv_sys_largefile_source=no
ac_cv_type_off_t=yes
ax_cv_PTHREAD_CLANG=no
ax_cv_PTHREAD_JOINABLE_ATTR=PTHREAD_CREATE_JOINABLE
ax_cv_PTHREAD_PRIO_INHERIT=yes
ax_cv_PTHREAD_SPECIAL_FLAGS=no
ax_cv_have_func_attribute_format=yes
ax_cv_have_func_attribute_noreturn=yes

## ----------------- ##
## Output variables. ##
## ----------------- ##

AR='/usr/bin/ar'
AVX512_CFLAGS=''
AVX_CFLAGS=''
CC='gcc'
CFLAGS='-O3'
CPP='gcc -E'
CPPFLAGS=''
DEFS='-DHAVE_CONFIG_H'
EASEL_COPYRIGHT='Copyright (C) 2023 Howard Hughes Medical Institute.'
EASEL_DATE='Aug 2023'
EASEL_LICENSE='Freely distributed under the BSD open source license.'
EASEL_URL='http://bioeasel.org/'
EASEL_VERSION='0.49'
ECHO_C=''
ECHO_N='-n'
ECHO_T=''
EGREP='/usr/bin/grep -E'
EXEEXT=''
GREP='/usr/bin/grep'
GROUPHMMERLIBS='-Wl,--start-group -lhmmer -lhmmerimpl -Wl,--end-group'
HAVE_GZIP='/usr/bin/gzip'
HAVE_PYTHON3='yes'
HMMERIMPLLIB='impl_sse/libhmmerimpl.a'
HMMER_COPYRIGHT='Copyright (C) 2023 Howard Hughes Medical Institute.'
HMMER_DATE='Aug 2023'
HMMER_ESLDIR='easel'
HMMER_LICENSE='Freely distributed under the BSD open source license.'
HMMER_SADIR='libdivsufsort'
HMMER_URL='http://hmmer.org/'
HMMER_VERSION='3.4'
IMPL_CHOICE='sse'
INSTALL_DATA='${INSTALL} -m 644'
INSTALL_PROGRAM='${INSTALL}'
INSTALL_SCRIPT='${INSTALL}'
LDFLAGS=''
LIBGSL=''
LIBOBJS=''
LIBS=''
LN_S='ln -s'
LTLIBOBJS=''
MPICC=''
MPI_BENCHMARKS=''
MPI_UTESTS=''
NEON_CFLAGS=''
OBJEXT='o'
PACKAGE_BUGREPORT='sean@eddylab.org'
PACKAGE_NAME='HMMER'
PACKAGE_STRING='HMMER 3.4'
PACKAGE_TARNAME='hmmer'
PACKAGE_URL=''
PACKAGE_VERSION='3.4'
PATH_SEPARATOR=':'
PIC_CFLAGS=''
PTHREAD_CC='gcc'
PTHREAD_CFLAGS='-pthread'
PTHREAD_CXX=''
PTHREAD_LIBS='-lpthread'
RANLIB='ranlib'
SED='/usr/bin/sed'
SHELL='/bin/bash'
SSE4_CFLAGS=''
SSE_CFLAGS=''
STRIP='strip'
VMX_CFLAGS=''
ac_ct_CC='gcc'
ax_pthread_config=''
bindir='${exec_prefix}/bin'
build='x86_64-pc-linux-gnu'
build_alias=''
build_cpu='x86_64'
build_os='linux-gnu'
build_vendor='pc'
datadir='${datarootdir}'
datarootdir='${prefix}/share'
docdir='${datarootdir}/doc/${PACKAGE_TARNAME}'
dvidir='${docdir}'
exec_prefix='${prefix}'
host='x86_64-pc-linux-gnu'
host_alias=''
host_cpu='x86_64'
host_os='linux-gnu'
host_vendor='pc'
htmldir='${docdir}'
includedir='${prefix}/include'
infodir='${datarootdir}/info'
libdir='${exec_prefix}/lib'
libexecdir='${exec_prefix}/libexec'
localedir='${datarootdir}/locale'
localstatedir='${prefix}/var'
mandir='${datarootdir}/man'
oldincludedir='/usr/include'
pdfdir='${docdir}'
prefix='/usr/local'
program_transform_name='s,x,x,'
psdir='${docdir}'
runstatedir='${localstatedir}/run'
sbindir='${exec_prefix}/sbin'
sharedstatedir='${prefix}/com'
sysconfdir='${prefix}/etc'
target_alias=''

## ----------- ##
## confdefs.h. ##
## ----------- ##

/* confdefs.h */
#define PACKAGE_NAME "HMMER"
#define PACKAGE_TARNAME "hmmer"
#define PACKAGE_VERSION "3.4"
#define PACKAGE_STRING "HMMER 3.4"
#define PACKAGE_BUGREPORT "sean@eddylab.org"
#define PACKAGE_URL ""
#define HMMER_DATE "Aug 2023"
#define HMMER_COPYRIGHT "Copyright (C) 2023 Howard Hughes Medical Institute."
#define HMMER_LICENSE "Freely distributed under the BSD open source license."
#define HMMER_VERSION "3.4"
#define HMMER_URL "http://hmmer.org/"
#define EASEL_DATE "Aug 2023"
#define EASEL_COPYRIGHT "Copyright (C) 2023 Howard Hughes Medical Institute."
#define EASEL_LICENSE "Freely distributed under the BSD open source license."
#define EASEL_VERSION "0.49"
#define EASEL_URL "http://bioeasel.org/"
#define eslDEBUGLEVEL 0
#define HAVE_PTHREAD_PRIO_INHERIT 1
#define HAVE_PTHREAD 1
#define HMMER_THREADS 1
#define eslENABLE_SSE 1
#define HAVE_FLUSH_ZERO_MODE 1
#define HAVE_GZIP 1
#define HAVE_STDIO_H 1
#define HAVE_STDLIB_H 1
#define HAVE_STRING_H 1
#define HAVE_INTTYPES_H 1
#define HAVE_STDINT_H 1
#define HAVE_STRINGS_H 1
#define HAVE_SYS_STAT_H 1
#define HAVE_SYS_TYPES_H 1
#define HAVE_UNISTD_H 1
#define STDC_HEADERS 1
#define HAVE_ENDIAN_H 1
#define HAVE_INTTYPES_H 1
#define HAVE_STDINT_H 1
#define HAVE_UNISTD_H 1
#define HAVE_SYS_TYPES_H 1
#define HAVE_NETINET_IN_H 1
#define HAVE_SYS_PARAM_H 1
#define HAVE_FUNC_ATTRIBUTE_NORETURN 1
#define HAVE_FUNC_ATTRIBUTE_FORMAT 1
#define HAVE_MKSTEMP 1
#define HAVE_POPEN 1
#define HAVE_PUTENV 1
#define HAVE_STRCASECMP 1
#define HAVE_STRSEP 1
#define HAVE_TIMES 1
#define HAVE_GETPID 1
#define HAVE_SYSCONF 1
#define HAVE_GETCWD 1
#define HAVE_CHMOD 1
#define HAVE_STAT 1
#define HAVE_FSTAT 1
#define HAVE_FSEEKO 1

configure: exit 0
