# nhmmer :: search a DNA model, alignment, or sequence against a DNA database
# HMMER 3.3.1 (Jul 2020); http://hmmer.org/
# Copyright (C) 2020 Howard Hughes Medical Institute.
# Freely distributed under the BSD open source license.
# - - - - - - - - - - - - - - - - - - - - - - - - - - - - - - - - - - - -
# query file:                      ../Family_Seq/SINE2-4_OS/SINE2-4_OS.hmm
# target sequence database:        /home/marcos/TEs/graphic-interface/results/A.thaliana_Chr4_20240717-232148/A.thaliana_Chr4.fasta
# output directed to file:         ../Family_Seq/SINE2-4_OS/SINE2-4_OS.out
# number of worker threads:        12
# - - - - - - - - - - - - - - - - - - - - - - - - - - - - - - - - - - - -

Query:       SINE2-4_OS-aln-stockholm  [M=168]
Scores for complete hits:
    E-value  score  bias  Sequence      start      end  Description
    ------- ------ -----  --------      -----    -----  -----------

   [No hits detected that satisfy reporting thresholds]


Annotation for each hit  (and alignments):

   [No targets detected that satisfy reporting thresholds]


Internal pipeline statistics summary:
-------------------------------------
Query model(s):                            1  (168 nodes)
Target sequences:                          1  (37170112 residues searched)
Residues passing SSV filter:         1717659  (0.0462); expected (0.02)
Residues passing bias filter:        1157109  (0.0311); expected (0.02)
Residues passing Vit filter:           67299  (0.00181); expected (0.003)
Residues passing Fwd filter:            2177  (5.86e-05); expected (3e-05)
Total number of hits:                      0  (0)
# CPU time: 0.80u 0.00s 00:00:00.80 Elapsed: 00:00:00.09
# Mc/sec: 64743.87
//
[ok]
