# nhmmer :: search a DNA model, alignment, or sequence against a DNA database
# HMMER 3.3.1 (Jul 2020); http://hmmer.org/
# Copyright (C) 2020 Howard Hughes Medical Institute.
# Freely distributed under the BSD open source license.
# - - - - - - - - - - - - - - - - - - - - - - - - - - - - - - - - - - - -
# query file:                      ../Family_Seq/PTr-3/PTr-3.hmm
# target sequence database:        /home/marcos/TEs/www/results/At_20240724-082620/At_20240724-082620.fasta
# output directed to file:         ../Family_Seq/PTr-3/PTr-3.out
# number of worker threads:        12
# - - - - - - - - - - - - - - - - - - - - - - - - - - - - - - - - - - - -

Query:       PTr-3-aln-stockholm  [M=171]
Scores for complete hits:
    E-value  score  bias  Sequence      start      end  Description
    ------- ------ -----  --------      -----    -----  -----------

   [No hits detected that satisfy reporting thresholds]


Annotation for each hit  (and alignments):

   [No targets detected that satisfy reporting thresholds]


Internal pipeline statistics summary:
-------------------------------------
Query model(s):                            1  (171 nodes)
Target sequences:                          1  (37170112 residues searched)
Residues passing SSV filter:         1529564  (0.0412); expected (0.02)
Residues passing bias filter:        1363015  (0.0367); expected (0.02)
Residues passing Vit filter:          112783  (0.00303); expected (0.003)
Residues passing Fwd filter:            3197  (8.6e-05); expected (3e-05)
Total number of hits:                      0  (0)
# CPU time: 0.88u 0.02s 00:00:00.90 Elapsed: 00:00:00.09
# Mc/sec: 67739.88
//
[ok]
