# nhmmer :: search a DNA model, alignment, or sequence against a DNA database
# HMMER 3.3.1 (Jul 2020); http://hmmer.org/
# Copyright (C) 2020 Howard Hughes Medical Institute.
# Freely distributed under the BSD open source license.
# - - - - - - - - - - - - - - - - - - - - - - - - - - - - - - - - - - - -
# query file:                      ../Family_Seq/SINE9_OS/SINE9_OS.hmm
# target sequence database:        /home/marcoscosta/TEs/Temp/input/A.thaliana_Chr4_0524.fasta
# output directed to file:         ../Family_Seq/SINE9_OS/SINE9_OS.out
# number of worker threads:        12
# - - - - - - - - - - - - - - - - - - - - - - - - - - - - - - - - - - - -

Query:       SINE9_OS-aln-stockholm  [M=571]
Scores for complete hits:
    E-value  score  bias  Sequence      start      end  Description
    ------- ------ -----  --------      -----    -----  -----------

   [No hits detected that satisfy reporting thresholds]


Annotation for each hit  (and alignments):

   [No targets detected that satisfy reporting thresholds]


Internal pipeline statistics summary:
-------------------------------------
Query model(s):                            1  (571 nodes)
Target sequences:                          1  (37170112 residues searched)
Residues passing SSV filter:        21041096  (0.566); expected (0.02)
Residues passing bias filter:        9071934  (0.244); expected (0.02)
Residues passing Vit filter:          345538  (0.0093); expected (0.003)
Residues passing Fwd filter:           10958  (0.000295); expected (3e-05)
Total number of hits:                      0  (0)
# CPU time: 6.42u 0.04s 00:00:06.46 Elapsed: 00:00:00.61
# Mc/sec: 34606.60
//
[ok]
