# nhmmer :: search a DNA model, alignment, or sequence against a DNA database
# HMMER 3.3.1 (Jul 2020); http://hmmer.org/
# Copyright (C) 2020 Howard Hughes Medical Institute.
# Freely distributed under the BSD open source license.
# - - - - - - - - - - - - - - - - - - - - - - - - - - - - - - - - - - - -
# query file:                      ../Family_Seq/SINE2-11_SBi/SINE2-11_SBi.hmm
# target sequence database:        /home/marcos/TEs/graphic-interface/results/A.thaliana_Chr4_20240717-232148/A.thaliana_Chr4.fasta
# output directed to file:         ../Family_Seq/SINE2-11_SBi/SINE2-11_SBi.out
# number of worker threads:        12
# - - - - - - - - - - - - - - - - - - - - - - - - - - - - - - - - - - - -

Query:       SINE2-11_SBi-aln-stockholm  [M=327]
Scores for complete hits:
    E-value  score  bias  Sequence      start      end  Description
    ------- ------ -----  --------      -----    -----  -----------

   [No hits detected that satisfy reporting thresholds]


Annotation for each hit  (and alignments):

   [No targets detected that satisfy reporting thresholds]


Internal pipeline statistics summary:
-------------------------------------
Query model(s):                            1  (327 nodes)
Target sequences:                          1  (37170112 residues searched)
Residues passing SSV filter:        16530403  (0.445); expected (0.02)
Residues passing bias filter:        7614244  (0.205); expected (0.02)
Residues passing Vit filter:           29795  (0.000802); expected (0.003)
Residues passing Fwd filter:            2938  (7.9e-05); expected (3e-05)
Total number of hits:                      0  (0)
# CPU time: 5.44u 0.03s 00:00:05.47 Elapsed: 00:00:00.54
# Mc/sec: 22385.99
//
[ok]
