# nhmmer :: search a DNA model, alignment, or sequence against a DNA database
# HMMER 3.3.1 (Jul 2020); http://hmmer.org/
# Copyright (C) 2020 Howard Hughes Medical Institute.
# Freely distributed under the BSD open source license.
# - - - - - - - - - - - - - - - - - - - - - - - - - - - - - - - - - - - -
# query file:                      ../Family_Seq/SINE2-1_BDi/SINE2-1_BDi.hmm
# target sequence database:        /home/marcos/TEs/www/results/A._20240713-183533/A._20240713-183533.fasta
# output directed to file:         ../Family_Seq/SINE2-1_BDi/SINE2-1_BDi.out
# number of worker threads:        12
# - - - - - - - - - - - - - - - - - - - - - - - - - - - - - - - - - - - -

Query:       SINE2-1_BDi-aln-stockholm  [M=329]
Scores for complete hits:
    E-value  score  bias  Sequence      start      end  Description
    ------- ------ -----  --------      -----    -----  -----------

   [No hits detected that satisfy reporting thresholds]


Annotation for each hit  (and alignments):

   [No targets detected that satisfy reporting thresholds]


Internal pipeline statistics summary:
-------------------------------------
Query model(s):                            1  (329 nodes)
Target sequences:                          1  (37170112 residues searched)
Residues passing SSV filter:         6464796  (0.174); expected (0.02)
Residues passing bias filter:        4043565  (0.109); expected (0.02)
Residues passing Vit filter:          420790  (0.0113); expected (0.003)
Residues passing Fwd filter:           16239  (0.000437); expected (3e-05)
Total number of hits:                      0  (0)
# CPU time: 2.42u 0.02s 00:00:02.44 Elapsed: 00:00:00.24
# Mc/sec: 50666.61
//
[ok]
