# nhmmer :: search a DNA model, alignment, or sequence against a DNA database
# HMMER 3.3.1 (Jul 2020); http://hmmer.org/
# Copyright (C) 2020 Howard Hughes Medical Institute.
# Freely distributed under the BSD open source license.
# - - - - - - - - - - - - - - - - - - - - - - - - - - - - - - - - - - - -
# query file:                      ../Family_Seq/SINE2-2_STu/SINE2-2_STu.hmm
# target sequence database:        /home/marcos/TEs/www/results/A._20240713-183533/A._20240713-183533.fasta
# output directed to file:         ../Family_Seq/SINE2-2_STu/SINE2-2_STu.out
# number of worker threads:        12
# - - - - - - - - - - - - - - - - - - - - - - - - - - - - - - - - - - - -

Query:       SINE2-2_STu-aln-stockholm  [M=287]
Scores for complete hits:
    E-value  score  bias  Sequence      start      end  Description
    ------- ------ -----  --------      -----    -----  -----------

   [No hits detected that satisfy reporting thresholds]


Annotation for each hit  (and alignments):

   [No targets detected that satisfy reporting thresholds]


Internal pipeline statistics summary:
-------------------------------------
Query model(s):                            1  (287 nodes)
Target sequences:                          1  (37170112 residues searched)
Residues passing SSV filter:         8636724  (0.232); expected (0.02)
Residues passing bias filter:        4508083  (0.121); expected (0.02)
Residues passing Vit filter:          191302  (0.00515); expected (0.003)
Residues passing Fwd filter:           22483  (0.000605); expected (3e-05)
Total number of hits:                      0  (0)
# CPU time: 4.22u 0.05s 00:00:04.26 Elapsed: 00:00:00.42
# Mc/sec: 24968.27
//
[ok]
