# nhmmer :: search a DNA model, alignment, or sequence against a DNA database
# HMMER 3.3.1 (Jul 2020); http://hmmer.org/
# Copyright (C) 2020 Howard Hughes Medical Institute.
# Freely distributed under the BSD open source license.
# - - - - - - - - - - - - - - - - - - - - - - - - - - - - - - - - - - - -
# query file:                      ../Family_Seq/SINE2-1_NS/SINE2-1_NS.hmm
# target sequence database:        /home/marcoscosta/TEs/Temp/input/A.thaliana_Chr4_0524.fasta
# output directed to file:         ../Family_Seq/SINE2-1_NS/SINE2-1_NS.out
# number of worker threads:        12
# - - - - - - - - - - - - - - - - - - - - - - - - - - - - - - - - - - - -

Query:       SINE2-1_NS-aln-stockholm  [M=250]
Scores for complete hits:
    E-value  score  bias  Sequence      start      end  Description
    ------- ------ -----  --------      -----    -----  -----------

   [No hits detected that satisfy reporting thresholds]


Annotation for each hit  (and alignments):

   [No targets detected that satisfy reporting thresholds]


Internal pipeline statistics summary:
-------------------------------------
Query model(s):                            1  (250 nodes)
Target sequences:                          1  (37170112 residues searched)
Residues passing SSV filter:         3266822  (0.0879); expected (0.02)
Residues passing bias filter:        2346415  (0.0631); expected (0.02)
Residues passing Vit filter:          222370  (0.00598); expected (0.003)
Residues passing Fwd filter:            5409  (0.000146); expected (3e-05)
Total number of hits:                      0  (0)
# CPU time: 1.45u 0.01s 00:00:01.46 Elapsed: 00:00:00.13
# Mc/sec: 66452.18
//
[ok]
