# nhmmer :: search a DNA model, alignment, or sequence against a DNA database
# HMMER 3.3.1 (Jul 2020); http://hmmer.org/
# Copyright (C) 2020 Howard Hughes Medical Institute.
# Freely distributed under the BSD open source license.
# - - - - - - - - - - - - - - - - - - - - - - - - - - - - - - - - - - - -
# query file:                      ../Family_Seq/SINE2-1_VC/SINE2-1_VC.hmm
# target sequence database:        /home/marcos/TEs/graphic-interface/results/A.thaliana_Chr4_20240717-232148/A.thaliana_Chr4.fasta
# output directed to file:         ../Family_Seq/SINE2-1_VC/SINE2-1_VC.out
# number of worker threads:        12
# - - - - - - - - - - - - - - - - - - - - - - - - - - - - - - - - - - - -

Query:       SINE2-1_VC-aln-stockholm  [M=671]
Scores for complete hits:
    E-value  score  bias  Sequence  start    end  Description
    ------- ------ -----  --------  -----  -----  -----------

   [No hits detected that satisfy reporting thresholds]


Annotation for each hit  (and alignments):

   [No targets detected that satisfy reporting thresholds]


Internal pipeline statistics summary:
-------------------------------------
Query model(s):                            1  (671 nodes)
Target sequences:                          1  (37170112 residues searched)
Residues passing SSV filter:          517085  (0.0139); expected (0.02)
Residues passing bias filter:         509113  (0.0137); expected (0.02)
Residues passing Vit filter:           37323  (0.001); expected (0.003)
Residues passing Fwd filter:               0  (0); expected (3e-05)
Total number of hits:                      0  (0)
# CPU time: 2.11u 0.00s 00:00:02.11 Elapsed: 00:00:00.20
# Mc/sec: 123475.66
//
[ok]
